17:17:27: Creating resource group General
17:17:27: Creating resource group Internal
17:17:27: Creating resource group Autodetect
17:17:27: Registering ResourceManager for type Mesh
17:17:27: Registering ResourceManager for type Material
17:17:27: Registering ResourceManager for type Skeleton
17:17:27: XMLMeshSerializer reading mesh data from d:\projects\rainbow\trunk\media\models\sphere.mesh.xml...
17:17:27: Reading submeshes...
17:17:27: Reading geometry...
17:17:28: Geometry done...
17:17:28: Submeshes done.
17:17:28: XMLMeshSerializer import successful.
17:17:28: Reorganising vertex buffers to automatic layout..
17:17:28: MeshSerializer writing mesh data to d:\projects\rainbow\trunk\media\models\sphere.mesh...
17:17:28: File header written.
17:17:28: Writing mesh data...
17:17:28: Writing submesh...
17:17:28: Exporting submesh texture aliases...
17:17:28: Submesh texture aliases exported.
17:17:28: Submesh exported.
17:17:28: Exporting bounds information....
17:17:28: Bounds information exported.
17:17:28: Exporting submesh name table...
17:17:28: Submesh name table exported.
17:17:28: Exporting edge lists...
17:17:28: Edge lists exported
17:17:28: Mesh data exported.
17:17:28: MeshSerializer export successful.
17:17:28: Unregistering ResourceManager for type Skeleton
17:17:28: Unregistering ResourceManager for type Material
17:17:28: Unregistering ResourceManager for type Mesh
